<?xml version="1.0" encoding="UTF-8"?>
<!-- Generated by org.testng.reporters.JUnitReportReporter -->
<testsuite hostname="DESKTOP-VNAFMO3" failures="0" tests="3" name="com.TestNG.HomeworkDataProviderOrangeHRM" time="34.173" errors="0" timestamp="2020-08-20T12:28:54 PDT" skipped="0">
  <testcase classname="com.TestNG.HomeworkDataProviderOrangeHRM" name="loginTofacebook" time="13.707"/>
  <system-out/>
  <testcase classname="com.TestNG.HomeworkDataProviderOrangeHRM" name="loginTofacebook" time="10.204"/>
  <system-out/>
  <testcase classname="com.TestNG.HomeworkDataProviderOrangeHRM" name="loginTofacebook" time="10.262"/>
  <system-out/>
</testsuite> <!-- com.TestNG.HomeworkDataProviderOrangeHRM -->
