<?xml version="1.0" encoding="UTF-8"?>
<!-- Generated by org.testng.reporters.JUnitReportReporter -->
<testsuite hostname="DESKTOP-VNAFMO3" failures="0" tests="1" name="com.testcases.DragAndDrop" time="7.190" errors="0" timestamp="2020-08-22T15:17:56 PDT" skipped="0">
  <testcase classname="com.testcases.DragAndDrop" name="actionOn" time="7.190"/>
  <system-out/>
</testsuite> <!-- com.testcases.DragAndDrop -->
