<?xml version="1.0" encoding="UTF-8"?>
<!-- Generated by org.testng.reporters.JUnitReportReporter -->
<testsuite hostname="DESKTOP-VNAFMO3" failures="0" tests="3" name="com.TestNG.PriorityTestCase" time="0.005" errors="0" timestamp="2020-08-18T10:07:19 PDT" skipped="0">
  <testcase classname="com.TestNG.PriorityTestCase" name="testcase2" time="0.004"/>
  <system-out/>
  <testcase classname="com.TestNG.PriorityTestCase" name="testcase3" time="0.000"/>
  <system-out/>
  <testcase classname="com.TestNG.PriorityTestCase" name="testcase1" time="0.001"/>
  <system-out/>
</testsuite> <!-- com.TestNG.PriorityTestCase -->
