<?xml version="1.0" encoding="UTF-8"?>
<!-- Generated by org.testng.reporters.JUnitReportReporter -->
<testsuite hostname="DESKTOP-VNAFMO3" failures="0" tests="2" name="com.TestNG.HomeworkCrossBrowserOrangeHRM" time="1.960" errors="0" timestamp="2020-08-20T12:37:16 PDT" skipped="0">
  <testcase classname="com.TestNG.HomeworkCrossBrowserOrangeHRM" name="facebook" time="1.133"/>
  <system-out/>
  <testcase classname="com.TestNG.HomeworkCrossBrowserOrangeHRM" name="facebook" time="0.827"/>
  <system-out/>
</testsuite> <!-- com.TestNG.HomeworkCrossBrowserOrangeHRM -->
