<?xml version="1.0" encoding="UTF-8"?>
<!-- Generated by org.testng.reporters.JUnitReportReporter -->
<testsuite hostname="DESKTOP-VNAFMO3" failures="0" tests="1" name="com.TestNG.OrangeHRM" time="8.643" errors="0" timestamp="2020-08-24T11:48:56 PDT" skipped="0">
  <testcase classname="com.TestNG.OrangeHRM" name="login" time="8.643"/>
  <system-out/>
</testsuite> <!-- com.TestNG.OrangeHRM -->
