<?xml version="1.0" encoding="UTF-8"?>
<!-- Generated by org.testng.reporters.JUnitReportReporter -->
<testsuite hostname="DESKTOP-VNAFMO3" failures="0" tests="3" name="com.TestNG.SampleTestCase" time="0.006" errors="0" timestamp="2020-08-18T09:59:29 PDT" skipped="0">
  <testcase classname="com.TestNG.SampleTestCase" name="TestCase2" time="0.000"/>
  <system-out/>
  <testcase classname="com.TestNG.SampleTestCase" name="TestCase1" time="0.003"/>
  <system-out/>
  <testcase classname="com.TestNG.SampleTestCase" name="TestCase3" time="0.003"/>
  <system-out/>
</testsuite> <!-- com.TestNG.SampleTestCase -->
