<?xml version="1.0" encoding="UTF-8"?>
<!-- Generated by org.testng.reporters.JUnitReportReporter -->
<testsuite hostname="DESKTOP-VNAFMO3" failures="0" tests="1" name="com.testcases.Authentication" time="6.005" errors="0" timestamp="2020-08-20T11:12:52 PDT" skipped="0">
  <testcase classname="com.testcases.Authentication" name="actionOn" time="6.005"/>
  <system-out/>
</testsuite> <!-- com.testcases.Authentication -->
