<?xml version="1.0" encoding="UTF-8"?>
<!-- Generated by org.testng.reporters.JUnitReportReporter -->
<testsuite hostname="DESKTOP-VNAFMO3" failures="0" tests="1" name="com.TestNG.ClickandHold" time="7.138" errors="0" timestamp="2020-08-20T09:13:41 PDT" skipped="0">
  <testcase classname="com.TestNG.ClickandHold" name="actionOn" time="7.138"/>
  <system-out/>
</testsuite> <!-- com.TestNG.ClickandHold -->
