<?xml version="1.0" encoding="UTF-8"?>
<!-- Generated by org.testng.reporters.JUnitReportReporter -->
<testsuite hostname="DESKTOP-VNAFMO3" failures="0" tests="1" name="com.TestNG.OrangeHRM$PriorityTestCase" time="8.300" errors="0" timestamp="2020-08-24T08:57:45 PDT" skipped="0">
  <testcase classname="com.TestNG.OrangeHRM$PriorityTestCase" name="login" time="8.300"/>
  <system-out/>
</testsuite> <!-- com.TestNG.OrangeHRM$PriorityTestCase -->
