<?xml version="1.0" encoding="UTF-8"?>
<!-- Generated by org.testng.reporters.JUnitReportReporter -->
<testsuite hostname="DESKTOP-VNAFMO3" failures="0" tests="2" name="com.TestNG.CrossBrowser" time="2.888" errors="0" timestamp="2020-08-20T10:53:08 PDT" skipped="0">
  <testcase classname="com.TestNG.CrossBrowser" name="facebook" time="1.144"/>
  <system-out/>
  <testcase classname="com.TestNG.CrossBrowser" name="facebook" time="1.744"/>
  <system-out/>
</testsuite> <!-- com.TestNG.CrossBrowser -->
