<?xml version="1.0" encoding="UTF-8"?>
<!-- Generated by org.testng.reporters.JUnitReportReporter -->
<testsuite hostname="DESKTOP-VNAFMO3" failures="0" tests="3" name="com.TestNG.ParallelExecution1" time="0.006" errors="0" timestamp="2020-08-18T10:23:23 PDT" skipped="0">
  <testcase classname="com.TestNG.ParallelExecution1" name="testcase1" time="0.005"/>
  <system-out/>
  <testcase classname="com.TestNG.ParallelExecution1" name="testcase3" time="0.000"/>
  <system-out/>
  <testcase classname="com.TestNG.ParallelExecution1" name="testcase2" time="0.001"/>
  <system-out/>
</testsuite> <!-- com.TestNG.ParallelExecution1 -->
