<?xml version="1.0" encoding="UTF-8"?>
<!-- Generated by org.testng.reporters.JUnitReportReporter -->
<testsuite hostname="DESKTOP-VNAFMO3" failures="0" tests="2" name="com.TestNG.DependsUponGroup" time="0.006" errors="0" timestamp="2020-08-19T10:49:32 PDT" skipped="0">
  <testcase classname="com.TestNG.DependsUponGroup" name="testcase3" time="0.001"/>
  <system-out/>
  <testcase classname="com.TestNG.DependsUponGroup" name="testcase2" time="0.005"/>
  <system-out/>
</testsuite> <!-- com.TestNG.DependsUponGroup -->
