<?xml version="1.0" encoding="UTF-8"?>
<!-- Generated by org.testng.reporters.JUnitReportReporter -->
<testsuite hostname="DESKTOP-VNAFMO3" failures="0" tests="2" name="com.TestNG.CallwrapperHomework" time="19.141" errors="0" timestamp="2020-08-19T12:41:36 PDT" skipped="0">
  <testcase classname="com.TestNG.CallwrapperHomework" name="forgetpassword" time="8.834"/>
  <system-out/>
  <testcase classname="com.TestNG.CallwrapperHomework" name="login" time="10.307"/>
  <system-out/>
</testsuite> <!-- com.TestNG.CallwrapperHomework -->
